[debug] [2020-05-23T20:46:22.133Z] ----------------------------------------------------------------------
[debug] [2020-05-23T20:46:22.134Z] Command:       C:\Program Files\nodejs\node.exe C:\Users\luisb\AppData\Roaming\npm\node_modules\firebase-tools\lib\bin\firebase.js init hosting
[debug] [2020-05-23T20:46:22.134Z] CLI Version:   8.4.0
[debug] [2020-05-23T20:46:22.134Z] Platform:      win32
[debug] [2020-05-23T20:46:22.135Z] Node Version:  v13.1.0
[debug] [2020-05-23T20:46:22.135Z] Time:          Sat May 23 2020 21:46:22 GMT+0100 (Western European Summer Time)
[debug] [2020-05-23T20:46:22.135Z] ----------------------------------------------------------------------
[debug] [2020-05-23T20:46:22.136Z] 
[debug] [2020-05-23T20:46:22.140Z] > command requires scopes: ["email","openid","https://www.googleapis.com/auth/cloudplatformprojects.readonly","https://www.googleapis.com/auth/firebase","https://www.googleapis.com/auth/cloud-platform"]
[debug] [2020-05-23T20:46:22.141Z] > authorizing via signed-in user
[info] 
     ######## #### ########  ######## ########     ###     ######  ########
     ##        ##  ##     ## ##       ##     ##  ##   ##  ##       ##
     ######    ##  ########  ######   ########  #########  ######  ######
     ##        ##  ##    ##  ##       ##     ## ##     ##       ## ##
     ##       #### ##     ## ######## ########  ##     ##  ######  ########

You're about to initialize a Firebase project in this directory:

  C:\Users\luisb\OneDrive\Ambiente de Trabalho\Esmad Escola 2\2º Ano\2º Semestre\Projeto2\MealSet

Before we get started, keep in mind:

  * You are initializing in an existing Firebase project directory

[debug] [2020-05-23T20:48:05.053Z] ----------------------------------------------------------------------
[debug] [2020-05-23T20:48:05.054Z] Command:       C:\Program Files\nodejs\node.exe C:\Users\luisb\AppData\Roaming\npm\node_modules\firebase-tools\lib\bin\firebase.js serve
[debug] [2020-05-23T20:48:05.055Z] CLI Version:   8.4.0
[debug] [2020-05-23T20:48:05.055Z] Platform:      win32
[debug] [2020-05-23T20:48:05.055Z] Node Version:  v13.1.0
[debug] [2020-05-23T20:48:05.056Z] Time:          Sat May 23 2020 21:48:05 GMT+0100 (Western European Summer Time)
[debug] [2020-05-23T20:48:05.056Z] ----------------------------------------------------------------------
[debug] [2020-05-23T20:48:05.056Z] 
[debug] [2020-05-23T20:48:05.062Z] > command requires scopes: ["email","openid","https://www.googleapis.com/auth/cloudplatformprojects.readonly","https://www.googleapis.com/auth/firebase","https://www.googleapis.com/auth/cloud-platform"]
[debug] [2020-05-23T20:48:05.062Z] > authorizing via signed-in user
[debug] [2020-05-23T20:48:05.062Z] [iam] checking project mealset-1579630397236 for permissions ["firebase.projects.get"]
[debug] [2020-05-23T20:48:05.065Z] > refreshing access token with scopes: ["email","https://www.googleapis.com/auth/cloud-platform","https://www.googleapis.com/auth/cloudplatformprojects.readonly","https://www.googleapis.com/auth/firebase","openid"]
[debug] [2020-05-23T20:48:05.065Z] >>> HTTP REQUEST POST https://www.googleapis.com/oauth2/v3/token  
 <request body omitted>
[debug] [2020-05-23T20:48:05.239Z] <<< HTTP RESPONSE 200 {"content-type":"application/json; charset=utf-8","vary":"X-Origin, Referer, Origin,Accept-Encoding","date":"Sat, 23 May 2020 20:48:05 GMT","server":"scaffolding on HTTPServer2","cache-control":"private","x-xss-protection":"0","x-frame-options":"SAMEORIGIN","x-content-type-options":"nosniff","alt-svc":"h3-27=\":443\"; ma=2592000,h3-25=\":443\"; ma=2592000,h3-T050=\":443\"; ma=2592000,h3-Q050=\":443\"; ma=2592000,h3-Q049=\":443\"; ma=2592000,h3-Q048=\":443\"; ma=2592000,h3-Q046=\":443\"; ma=2592000,h3-Q043=\":443\"; ma=2592000,quic=\":443\"; ma=2592000; v=\"46,43\"","accept-ranges":"none","transfer-encoding":"chunked"}
[debug] [2020-05-23T20:48:05.263Z] >>> HTTP REQUEST POST https://cloudresourcemanager.googleapis.com/v1/projects/mealset-1579630397236:testIamPermissions  
 {"permissions":["firebase.projects.get"]}
[debug] [2020-05-23T20:48:06.086Z] <<< HTTP RESPONSE 200 {"content-type":"application/json; charset=UTF-8","vary":"X-Origin, Referer, Origin,Accept-Encoding","date":"Sat, 23 May 2020 20:48:06 GMT","server":"ESF","cache-control":"private","x-xss-protection":"0","x-frame-options":"SAMEORIGIN","x-content-type-options":"nosniff","server-timing":"gfet4t7; dur=681","alt-svc":"h3-27=\":443\"; ma=2592000,h3-25=\":443\"; ma=2592000,h3-T050=\":443\"; ma=2592000,h3-Q050=\":443\"; ma=2592000,h3-Q049=\":443\"; ma=2592000,h3-Q048=\":443\"; ma=2592000,h3-Q046=\":443\"; ma=2592000,h3-Q043=\":443\"; ma=2592000,quic=\":443\"; ma=2592000; v=\"46,43\"","accept-ranges":"none","transfer-encoding":"chunked"}
[debug] [2020-05-23T20:48:06.087Z] >>> HTTP REQUEST GET https://firebase.googleapis.com/v1beta1/projects/mealset-1579630397236  
 
[debug] [2020-05-23T20:48:06.395Z] <<< HTTP RESPONSE 200 {"content-type":"application/json; charset=UTF-8","vary":"X-Origin, Referer, Origin,Accept-Encoding","date":"Sat, 23 May 2020 20:48:07 GMT","server":"ESF","cache-control":"private","x-xss-protection":"0","x-frame-options":"SAMEORIGIN","x-content-type-options":"nosniff","alt-svc":"h3-27=\":443\"; ma=2592000,h3-25=\":443\"; ma=2592000,h3-T050=\":443\"; ma=2592000,h3-Q050=\":443\"; ma=2592000,h3-Q049=\":443\"; ma=2592000,h3-Q048=\":443\"; ma=2592000,h3-Q046=\":443\"; ma=2592000,h3-Q043=\":443\"; ma=2592000,quic=\":443\"; ma=2592000; v=\"46,43\"","accept-ranges":"none","transfer-encoding":"chunked"}
[info] 
[info] === Serving from 'C:\Users\luisb\OneDrive\Ambiente de Trabalho\Esmad Escola 2\2º Ano\2º Semestre\Projeto2\MealSet'...
[info] 
[info] +  functions: Using node@13 from host. {"metadata":{"emulator":{"name":"functions"},"message":"Using node@13 from host."}}
[info] i  functions: Watching "C:\Users\luisb\OneDrive\Ambiente de Trabalho\Esmad Escola 2\2º Ano\2º Semestre\Projeto2\MealSet\functions" for Cloud Functions... {"metadata":{"emulator":{"name":"functions"},"message":"Watching \"C:\\Users\\luisb\\OneDrive\\Ambiente de Trabalho\\Esmad Escola 2\\2º Ano\\2º Semestre\\Projeto2\\MealSet\\functions\" for Cloud Functions..."}}
[debug] [2020-05-23T20:48:08.418Z] [worker-pool] addWorker(~diagnostic~) {"metadata":{"emulator":{"name":"functions"},"message":"[worker-pool] addWorker(~diagnostic~)"}}
[debug] [2020-05-23T20:48:08.419Z] [worker-pool] Adding worker with key ~diagnostic~, total=1 {"metadata":{"emulator":{"name":"functions"},"message":"[worker-pool] Adding worker with key ~diagnostic~, total=1"}}
[debug] [2020-05-23T20:48:08.419Z] [worker-pool] submitWork(triggerId=) {"metadata":{"emulator":{"name":"functions"},"message":"[worker-pool] submitWork(triggerId=)"}}
[debug] [2020-05-23T20:48:08.419Z] [worker-~diagnostic~-83ee73e6-9bbd-41d2-b48e-5b8ae77e54d1]: Assigning socketPath: \\?\pipe\C:\Users\luisb\OneDrive\Ambiente de Trabalho\Esmad Escola 2\2º Ano\2º Semestre\Projeto2\MealSet\functions\21620 {"metadata":{"emulator":{"name":"functions"},"message":"[worker-~diagnostic~-83ee73e6-9bbd-41d2-b48e-5b8ae77e54d1]: Assigning socketPath: \\\\?\\pipe\\C:\\Users\\luisb\\OneDrive\\Ambiente de Trabalho\\Esmad Escola 2\\2º Ano\\2º Semestre\\Projeto2\\MealSet\\functions\\21620"}}
[debug] [2020-05-23T20:48:08.420Z] [worker-~diagnostic~-83ee73e6-9bbd-41d2-b48e-5b8ae77e54d1]: BUSY {"metadata":{"emulator":{"name":"functions"},"message":"[worker-~diagnostic~-83ee73e6-9bbd-41d2-b48e-5b8ae77e54d1]: BUSY"}}
[debug] [2020-05-23T20:48:08.719Z] [runtime-status] [21620] Functions runtime initialized. {"cwd":"C:\\Users\\luisb\\OneDrive\\Ambiente de Trabalho\\Esmad Escola 2\\2º Ano\\2º Semestre\\Projeto2\\MealSet\\functions","node_version":"13.1.0"} {"metadata":{"emulator":{"name":"functions"},"message":"[runtime-status] [21620] Functions runtime initialized. {\"cwd\":\"C:\\\\Users\\\\luisb\\\\OneDrive\\\\Ambiente de Trabalho\\\\Esmad Escola 2\\\\2º Ano\\\\2º Semestre\\\\Projeto2\\\\MealSet\\\\functions\",\"node_version\":\"13.1.0\"}"}}
[debug] [2020-05-23T20:48:08.719Z] [runtime-status] [21620] Disabled runtime features: undefined {"metadata":{"emulator":{"name":"functions"},"message":"[runtime-status] [21620] Disabled runtime features: undefined"}}
[debug] [2020-05-23T20:48:08.722Z] [runtime-status] [21620] Resolved module firebase-admin {"declared":true,"installed":true,"version":"8.12.1","resolution":"C:\\Users\\luisb\\OneDrive\\Ambiente de Trabalho\\Esmad Escola 2\\2º Ano\\2º Semestre\\Projeto2\\MealSet\\functions\\node_modules\\firebase-admin\\lib\\index.js"} {"metadata":{"emulator":{"name":"functions"},"message":"[runtime-status] [21620] Resolved module firebase-admin {\"declared\":true,\"installed\":true,\"version\":\"8.12.1\",\"resolution\":\"C:\\\\Users\\\\luisb\\\\OneDrive\\\\Ambiente de Trabalho\\\\Esmad Escola 2\\\\2º Ano\\\\2º Semestre\\\\Projeto2\\\\MealSet\\\\functions\\\\node_modules\\\\firebase-admin\\\\lib\\\\index.js\"}"}}
[debug] [2020-05-23T20:48:08.723Z] [runtime-status] [21620] Resolved module firebase-functions {"declared":true,"installed":true,"version":"3.6.1","resolution":"C:\\Users\\luisb\\OneDrive\\Ambiente de Trabalho\\Esmad Escola 2\\2º Ano\\2º Semestre\\Projeto2\\MealSet\\functions\\node_modules\\firebase-functions\\lib\\index.js"} {"metadata":{"emulator":{"name":"functions"},"message":"[runtime-status] [21620] Resolved module firebase-functions {\"declared\":true,\"installed\":true,\"version\":\"3.6.1\",\"resolution\":\"C:\\\\Users\\\\luisb\\\\OneDrive\\\\Ambiente de Trabalho\\\\Esmad Escola 2\\\\2º Ano\\\\2º Semestre\\\\Projeto2\\\\MealSet\\\\functions\\\\node_modules\\\\firebase-functions\\\\lib\\\\index.js\"}"}}
[debug] [2020-05-23T20:48:08.725Z] [runtime-status] [21620] Outgoing network have been stubbed. [{"name":"http","status":"mocked"},{"name":"http","status":"mocked"},{"name":"https","status":"mocked"},{"name":"https","status":"mocked"},{"name":"net","status":"mocked"}] {"metadata":{"emulator":{"name":"functions"},"message":"[runtime-status] [21620] Outgoing network have been stubbed. [{\"name\":\"http\",\"status\":\"mocked\"},{\"name\":\"http\",\"status\":\"mocked\"},{\"name\":\"https\",\"status\":\"mocked\"},{\"name\":\"https\",\"status\":\"mocked\"},{\"name\":\"net\",\"status\":\"mocked\"}]"}}
[debug] [2020-05-23T20:48:08.759Z] [runtime-status] [21620] Checked functions.config() {"config":{}} {"metadata":{"emulator":{"name":"functions"},"message":"[runtime-status] [21620] Checked functions.config() {\"config\":{}}"}}
[debug] [2020-05-23T20:48:08.760Z] [runtime-status] [21620] Resolved module firebase-functions {"declared":true,"installed":true,"version":"3.6.1","resolution":"C:\\Users\\luisb\\OneDrive\\Ambiente de Trabalho\\Esmad Escola 2\\2º Ano\\2º Semestre\\Projeto2\\MealSet\\functions\\node_modules\\firebase-functions\\lib\\index.js"} {"metadata":{"emulator":{"name":"functions"},"message":"[runtime-status] [21620] Resolved module firebase-functions {\"declared\":true,\"installed\":true,\"version\":\"3.6.1\",\"resolution\":\"C:\\\\Users\\\\luisb\\\\OneDrive\\\\Ambiente de Trabalho\\\\Esmad Escola 2\\\\2º Ano\\\\2º Semestre\\\\Projeto2\\\\MealSet\\\\functions\\\\node_modules\\\\firebase-functions\\\\lib\\\\index.js\"}"}}
[debug] [2020-05-23T20:48:08.761Z] [runtime-status] [21620] Resolved module firebase-admin {"declared":true,"installed":true,"version":"8.12.1","resolution":"C:\\Users\\luisb\\OneDrive\\Ambiente de Trabalho\\Esmad Escola 2\\2º Ano\\2º Semestre\\Projeto2\\MealSet\\functions\\node_modules\\firebase-admin\\lib\\index.js"} {"metadata":{"emulator":{"name":"functions"},"message":"[runtime-status] [21620] Resolved module firebase-admin {\"declared\":true,\"installed\":true,\"version\":\"8.12.1\",\"resolution\":\"C:\\\\Users\\\\luisb\\\\OneDrive\\\\Ambiente de Trabalho\\\\Esmad Escola 2\\\\2º Ano\\\\2º Semestre\\\\Projeto2\\\\MealSet\\\\functions\\\\node_modules\\\\firebase-admin\\\\lib\\\\index.js\"}"}}
[debug] [2020-05-23T20:48:08.761Z] [runtime-status] [21620] Resolved module firebase-functions {"declared":true,"installed":true,"version":"3.6.1","resolution":"C:\\Users\\luisb\\OneDrive\\Ambiente de Trabalho\\Esmad Escola 2\\2º Ano\\2º Semestre\\Projeto2\\MealSet\\functions\\node_modules\\firebase-functions\\lib\\index.js"} {"metadata":{"emulator":{"name":"functions"},"message":"[runtime-status] [21620] Resolved module firebase-functions {\"declared\":true,\"installed\":true,\"version\":\"3.6.1\",\"resolution\":\"C:\\\\Users\\\\luisb\\\\OneDrive\\\\Ambiente de Trabalho\\\\Esmad Escola 2\\\\2º Ano\\\\2º Semestre\\\\Projeto2\\\\MealSet\\\\functions\\\\node_modules\\\\firebase-functions\\\\lib\\\\index.js\"}"}}
[debug] [2020-05-23T20:48:08.762Z] [runtime-status] [21620] firebase-admin has been stubbed. {"adminResolution":{"declared":true,"installed":true,"version":"8.12.1","resolution":"C:\\Users\\luisb\\OneDrive\\Ambiente de Trabalho\\Esmad Escola 2\\2º Ano\\2º Semestre\\Projeto2\\MealSet\\functions\\node_modules\\firebase-admin\\lib\\index.js"}} {"metadata":{"emulator":{"name":"functions"},"message":"[runtime-status] [21620] firebase-admin has been stubbed. {\"adminResolution\":{\"declared\":true,\"installed\":true,\"version\":\"8.12.1\",\"resolution\":\"C:\\\\Users\\\\luisb\\\\OneDrive\\\\Ambiente de Trabalho\\\\Esmad Escola 2\\\\2º Ano\\\\2º Semestre\\\\Projeto2\\\\MealSet\\\\functions\\\\node_modules\\\\firebase-admin\\\\lib\\\\index.js\"}}"}}
[debug] [2020-05-23T20:48:08.763Z] [worker-~diagnostic~-83ee73e6-9bbd-41d2-b48e-5b8ae77e54d1]: IDLE {"metadata":{"emulator":{"name":"functions"},"message":"[worker-~diagnostic~-83ee73e6-9bbd-41d2-b48e-5b8ae77e54d1]: IDLE"}}
